<?xml version="1.0" encoding="utf-8"?><testsuites name="pytest tests"><testsuite name="pytest" errors="0" failures="0" skipped="0" tests="26" time="22.582" timestamp="2026-07-18T16:42:33.435238+00:00" hostname="agent-env-a074b1dc-2e25-44de-98fd-079cefb91560"><testcase classname="backend.tests.backend_test.TestHealth" name="test_health" time="0.243" /><testcase classname="backend.tests.backend_test.TestIntakeSchema" name="test_intake_skin" time="0.112" /><testcase classname="backend.tests.backend_test.TestIntakeSchema" name="test_intake_hair" time="0.097" /><testcase classname="backend.tests.backend_test.TestIntakeSchema" name="test_q5_q6_shared_between_skin_and_hair" time="0.253" /><testcase classname="backend.tests.backend_test.TestUploads" name="test_upload_selfie_ok" time="0.241" /><testcase classname="backend.tests.backend_test.TestUploads" name="test_upload_selfie_rejects_bad_mime" time="0.200" /><testcase classname="backend.tests.backend_test.TestUploads" name="test_upload_lab_report_png" time="0.140" /><testcase classname="backend.tests.backend_test.TestUploads" name="test_upload_lab_report_pdf" time="0.168" /><testcase classname="backend.tests.backend_test.TestUploads" name="test_upload_lab_report_bad_mime" time="0.539" /><testcase classname="backend.tests.backend_test.TestSafetyBlock" name="test_block_via_chat[my scalp has been bleeding for weeks-bleeding]" time="0.103" /><testcase classname="backend.tests.backend_test.TestSafetyBlock" name="test_block_via_chat[I got a chemical burn on my cheek-chemical_burn]" time="0.112" /><testcase classname="backend.tests.backend_test.TestSafetyBlock" name="test_block_via_chat[my baby has a rash all over her back-child_symptom]" time="0.096" /><testcase classname="backend.tests.backend_test.TestSafetyBlock" name="test_block_via_chat[I have a rash and 101 fever-fever_with_skin_symptom]" time="0.100" /><testcase classname="backend.tests.backend_test.TestSafetyBlock" name="test_block_via_chat[my mole has been changing shape and color-mole_changing]" time="0.104" /><testcase classname="backend.tests.backend_test.TestSafetyBlock" name="test_block_via_chat[I was diagnosed with autoimmune lupus last year-diagnosed_serious]" time="0.184" /><testcase classname="backend.tests.backend_test.TestSafetyBlock" name="test_block_via_q7_free_text" time="0.104" /><testcase classname="backend.tests.backend_test.TestSafetyBlock" name="test_benign_intake_passes" time="0.095" /><testcase classname="backend.tests.backend_test.TestFreeHook" name="test_free_hook_after_benign_intake" time="3.190" /><testcase classname="backend.tests.backend_test.TestFreeHook" name="test_free_hook_for_safety_blocked_session" time="0.232" /><testcase classname="backend.tests.backend_test.TestFreeHook" name="test_free_hook_belt_suspenders_recheck" time="0.094" /><testcase classname="backend.tests.backend_test.TestPaymentsGating" name="test_full_report_402_without_payment" time="0.243" /><testcase classname="backend.tests.backend_test.TestPaymentsGating" name="test_create_link_returns_503_when_razorpay_not_configured" time="1.332" /><testcase classname="backend.tests.backend_test.TestPaymentsGating" name="test_create_link_400_for_safety_blocked_session" time="0.309" /><testcase classname="backend.tests.backend_test.TestPaymentsStatusSimulated" name="test_status_single_skin" time="0.096" /><testcase classname="backend.tests.backend_test.TestPaymentsStatusSimulated" name="test_status_combo" time="0.103" /><testcase classname="backend.tests.backend_test.TestFullReport" name="test_full_report_after_payment" time="13.919" /></testsuite></testsuites>