<?xml version="1.0" encoding="utf-8"?><testsuites name="pytest tests"><testsuite name="pytest" errors="0" failures="0" skipped="0" tests="12" time="37.397" timestamp="2026-07-18T09:44:13.131548+00:00" hostname="agent-env-a074b1dc-2e25-44de-98fd-079cefb91560"><testcase classname="backend.tests.backend_test.TestHealth" name="test_health" time="0.283" /><testcase classname="backend.tests.backend_test.TestQuiz" name="test_get_quiz_skin" time="0.134" /><testcase classname="backend.tests.backend_test.TestQuiz" name="test_get_quiz_hair" time="0.126" /><testcase classname="backend.tests.backend_test.TestQuiz" name="test_get_quiz_invalid_category" time="0.107" /><testcase classname="backend.tests.backend_test.TestQuizSubmit" name="test_submit_valid_vata" time="0.137" /><testcase classname="backend.tests.backend_test.TestQuizSubmit" name="test_submit_dual_dosha" time="0.098" /><testcase classname="backend.tests.backend_test.TestQuizSubmit" name="test_submit_too_few_answers" time="0.130" /><testcase classname="backend.tests.backend_test.TestIngredients" name="test_skin_vata" time="0.088" /><testcase classname="backend.tests.backend_test.TestIngredients" name="test_hair_kapha" time="0.089" /><testcase classname="backend.tests.backend_test.TestResults" name="test_get_session_results" time="0.097" /><testcase classname="backend.tests.backend_test.TestRecommendations" name="test_recommendations_generate_and_cache" time="35.898" /><testcase classname="backend.tests.backend_test.TestMeta" name="test_dosha_meta" time="0.090" /></testsuite></testsuites>